{"timestamp":"2026-03-27T18:56:08.089128","level":"info","event":"DAG bundles loaded: dags-folder, example_dags","logger":"airflow.dag_processing.bundles.manager.DagBundlesManager"}
{"timestamp":"2026-03-27T18:56:08.089603","level":"info","event":"Filling up the DagBag from /opt/airflow/dags/train_stroke_model.py","logger":"airflow.models.dagbag.DagBag"}
{"timestamp":"2026-03-27T18:56:08.117157Z","level":"info","event":"Task instance is in running state","chan":"stdout","logger":"task"}
{"timestamp":"2026-03-27T18:56:08.117628Z","level":"info","event":" Previous state of the Task instance: queued","chan":"stdout","logger":"task"}
{"timestamp":"2026-03-27T18:56:08.117875Z","level":"info","event":"Current task name:train_and_register","chan":"stdout","logger":"task"}
{"timestamp":"2026-03-27T18:56:08.118083Z","level":"info","event":"Dag name:train_stroke_model","chan":"stdout","logger":"task"}
{"timestamp":"2026-03-27T18:56:12.086990Z","level":"error","event":"2026/03/27 18:56:12 INFO mlflow.tracking.fluent: Experiment with name 'stroke-prediction' does not exist. Creating a new experiment.","chan":"stderr","logger":"task"}
{"timestamp":"2026-03-27T18:56:12.319652Z","level":"error","event":"2026/03/27 18:56:12 WARNING mlflow.utils.git_utils: Failed to import Git (the Git executable is probably not on your PATH), so Git SHA is not available. Error: Failed to initialize: Bad git executable.","chan":"stderr","logger":"task"}
{"timestamp":"2026-03-27T18:56:12.320085Z","level":"error","event":"The git executable must be specified in one of the following ways:","chan":"stderr","logger":"task"}
{"timestamp":"2026-03-27T18:56:12.320328Z","level":"error","event":"    - be included in your $PATH","chan":"stderr","logger":"task"}
{"timestamp":"2026-03-27T18:56:12.320549Z","level":"error","event":"    - be set via $GIT_PYTHON_GIT_EXECUTABLE","chan":"stderr","logger":"task"}
{"timestamp":"2026-03-27T18:56:12.320800Z","level":"error","event":"    - explicitly set via git.refresh(<full-path-to-git-executable>)","chan":"stderr","logger":"task"}
{"timestamp":"2026-03-27T18:56:12.321090Z","level":"error","event":"","chan":"stderr","logger":"task"}
{"timestamp":"2026-03-27T18:56:12.321346Z","level":"error","event":"All git commands will error until this is rectified.","chan":"stderr","logger":"task"}
{"timestamp":"2026-03-27T18:56:12.321645Z","level":"error","event":"","chan":"stderr","logger":"task"}
{"timestamp":"2026-03-27T18:56:12.321889Z","level":"error","event":"This initial message can be silenced or aggravated in the future by setting the","chan":"stderr","logger":"task"}
{"timestamp":"2026-03-27T18:56:12.322081Z","level":"error","event":"$GIT_PYTHON_REFRESH environment variable. Use one of the following values:","chan":"stderr","logger":"task"}
{"timestamp":"2026-03-27T18:56:12.322321Z","level":"error","event":"    - quiet|q|silence|s|silent|none|n|0: for no message or exception","chan":"stderr","logger":"task"}
{"timestamp":"2026-03-27T18:56:12.322555Z","level":"error","event":"    - warn|w|warning|log|l|1: for a warning message (logging level CRITICAL, displayed by default)","chan":"stderr","logger":"task"}
{"timestamp":"2026-03-27T18:56:12.322746Z","level":"error","event":"    - error|e|exception|raise|r|2: for a raised exception","chan":"stderr","logger":"task"}
{"timestamp":"2026-03-27T18:56:12.322976Z","level":"error","event":"","chan":"stderr","logger":"task"}
{"timestamp":"2026-03-27T18:56:12.323203Z","level":"error","event":"Example:","chan":"stderr","logger":"task"}
{"timestamp":"2026-03-27T18:56:12.323420Z","level":"error","event":"    export GIT_PYTHON_REFRESH=quiet","chan":"stderr","logger":"task"}
{"timestamp":"2026-03-27T18:56:12.323649Z","level":"error","event":"","chan":"stderr","logger":"task"}
{"timestamp":"2026-03-27T18:56:18.947834Z","level":"error","event":"\u001b[31m2026/03/27 18:56:18 WARNING mlflow.models.model: Model logged without a signature and input example. Please set `input_example` parameter when logging the model to auto infer the model signature.\u001b[0m","chan":"stderr","logger":"task"}
{"timestamp":"2026-03-27T18:56:18.971753","level":"info","event":"Found credentials in environment variables.","logger":"botocore.credentials"}
{"timestamp":"2026-03-27T18:56:19.104795Z","level":"error","event":"Successfully registered model 'stroke-predictor'.","chan":"stderr","logger":"task"}
{"timestamp":"2026-03-27T18:56:19.158742Z","level":"error","event":"2026/03/27 18:56:19 INFO mlflow.store.model_registry.abstract_store: Waiting up to 300 seconds for model version to finish creation. Model name: stroke-predictor, version 1","chan":"stderr","logger":"task"}
{"timestamp":"2026-03-27T18:56:19.159231Z","level":"error","event":"Created version '1' of model 'stroke-predictor'.","chan":"stderr","logger":"task"}
{"timestamp":"2026-03-27T18:56:19.159565Z","level":"info","event":"AUC: 0.8408 | Recall: 0.9000 | Threshold: 0.17044","chan":"stdout","logger":"task"}
{"timestamp":"2026-03-27T18:56:19.176851Z","level":"info","event":"🏃 View run logistic_regression_smote at: http://mlflow:5000/#/experiments/1/runs/3887c962c4d9441586b942639b1c36f4","chan":"stdout","logger":"task"}
{"timestamp":"2026-03-27T18:56:19.177310Z","level":"info","event":"🧪 View experiment at: http://mlflow:5000/#/experiments/1","chan":"stdout","logger":"task"}
{"timestamp":"2026-03-27T18:56:19.193109","level":"info","event":"Done. Returned value was: None","logger":"airflow.task.operators.airflow.providers.standard.operators.python.PythonOperator"}
{"timestamp":"2026-03-27T18:56:19.207351Z","level":"info","event":"Task instance in success state","chan":"stdout","logger":"task"}
{"timestamp":"2026-03-27T18:56:19.207738Z","level":"info","event":" Previous state of the Task instance: running","chan":"stdout","logger":"task"}
{"timestamp":"2026-03-27T18:56:19.207977Z","level":"info","event":"Task operator:<Task(PythonOperator): train_and_register>","chan":"stdout","logger":"task"}
